Epoch: [0]  [0/5]  eta: 0:11:24  lr: 0.001000  loss: 2.2419 (2.2419)  loss_classifier: 0.1698 (0.1698)  loss_box_reg: 0.1372 (0.1372)  loss_mask: 1.8740 (1.8740)  loss_objectness: 0.0494 (0.0494)  loss_rpn_box_reg: 0.0116 (0.0116)  time: 136.8302  data: 0.0080
Epoch: [0]  [1/5]  eta: 0:09:11  lr: 0.001000  loss: 2.2419 (2.9248)  loss_classifier: 0.0548 (0.1123)  loss_box_reg: 0.0477 (0.0925)  loss_mask: 1.8740 (2.6826)  loss_objectness: 0.0117 (0.0306)  loss_rpn_box_reg: 0.0022 (0.0069)  time: 137.8698  data: 0.0130
Epoch: [0]  [2/5]  eta: 0:06:41  lr: 0.001000  loss: 2.2419 (2.4186)  loss_classifier: 0.1698 (0.1541)  loss_box_reg: 0.1259 (0.1036)  loss_mask: 1.8740 (2.1229)  loss_objectness: 0.0339 (0.0317)  loss_rpn_box_reg: 0.0050 (0.0063)  time: 133.6929  data: 0.0197
Epoch: [0]  [3/5]  eta: 0:04:24  lr: 0.001000  loss: 2.0217 (2.3194)  loss_classifier: 0.1698 (0.1916)  loss_box_reg: 0.1259 (0.1388)  loss_mask: 1.2445 (1.9033)  loss_objectness: 0.0339 (0.0764)  loss_rpn_box_reg: 0.0050 (0.0093)  time: 132.0864  data: 0.0220
Epoch: [0]  [4/5]  eta: 0:02:10  lr: 0.001000  loss: 2.0217 (2.1946)  loss_classifier: 0.2378 (0.2034)  loss_box_reg: 0.1372 (0.1446)  loss_mask: 1.2445 (1.7640)  loss_objectness: 0.0494 (0.0739)  loss_rpn_box_reg: 0.0059 (0.0086)  time: 130.9789  data: 0.0242
Epoch: [0] Total time: 0:10:54 (130.9875 s / it)
Epoch: [1]  [0/5]  eta: 0:14:54  lr: 0.001000  loss: 0.3410 (0.3410)  loss_classifier: 0.0378 (0.0378)  loss_box_reg: 0.0328 (0.0328)  loss_mask: 0.2566 (0.2566)  loss_objectness: 0.0127 (0.0127)  loss_rpn_box_reg: 0.0010 (0.0010)  time: 178.9499  data: 0.0150
Epoch: [1]  [1/5]  eta: 0:11:55  lr: 0.001000  loss: 0.3410 (0.5383)  loss_classifier: 0.0378 (0.0548)  loss_box_reg: 0.0328 (0.0399)  loss_mask: 0.2566 (0.4315)  loss_objectness: 0.0071 (0.0099)  loss_rpn_box_reg: 0.0010 (0.0023)  time: 178.7982  data: 0.0260
Epoch: [1]  [2/5]  eta: 0:08:37  lr: 0.001000  loss: 0.7355 (0.6836)  loss_classifier: 0.0717 (0.0853)  loss_box_reg: 0.0469 (0.0734)  loss_mask: 0.6064 (0.5073)  loss_objectness: 0.0127 (0.0149)  loss_rpn_box_reg: 0.0035 (0.0027)  time: 172.5431  data: 0.0340
Epoch: [1]  [3/5]  eta: 0:05:22  lr: 0.001000  loss: 0.7355 (0.8153)  loss_classifier: 0.0717 (0.1116)  loss_box_reg: 0.0469 (0.1061)  loss_mask: 0.6064 (0.5522)  loss_objectness: 0.0127 (0.0405)  loss_rpn_box_reg: 0.0035 (0.0049)  time: 161.1112  data: 0.0318
Epoch: [1]  [4/5]  eta: 0:02:33  lr: 0.001000  loss: 0.7355 (0.7789)  loss_classifier: 0.0895 (0.1072)  loss_box_reg: 0.0967 (0.1042)  loss_mask: 0.6064 (0.5279)  loss_objectness: 0.0127 (0.0348)  loss_rpn_box_reg: 0.0036 (0.0049)  time: 153.5410  data: 0.0332
Epoch: [1] Total time: 0:12:47 (153.5540 s / it)
Epoch: [2]  [0/5]  eta: 0:10:23  lr: 0.001000  loss: 1.0287 (1.0287)  loss_classifier: 0.1846 (0.1846)  loss_box_reg: 0.1871 (0.1871)  loss_mask: 0.6021 (0.6021)  loss_objectness: 0.0452 (0.0452)  loss_rpn_box_reg: 0.0097 (0.0097)  time: 124.6991  data: 0.0350
Epoch: [2]  [1/5]  eta: 0:08:13  lr: 0.001000  loss: 0.6779 (0.8533)  loss_classifier: 0.0691 (0.1269)  loss_box_reg: 0.0783 (0.1327)  loss_mask: 0.5118 (0.5569)  loss_objectness: 0.0177 (0.0314)  loss_rpn_box_reg: 0.0010 (0.0053)  time: 123.4719  data: 0.0345
Epoch: [2]  [2/5]  eta: 0:06:20  lr: 0.001000  loss: 1.0018 (0.9028)  loss_classifier: 0.1846 (0.1489)  loss_box_reg: 0.1871 (0.1584)  loss_mask: 0.5187 (0.5442)  loss_objectness: 0.0452 (0.0444)  loss_rpn_box_reg: 0.0097 (0.0069)  time: 126.8488  data: 0.0370
Epoch: [2]  [3/5]  eta: 0:04:09  lr: 0.001000  loss: 1.0018 (1.0011)  loss_classifier: 0.0691 (0.1248)  loss_box_reg: 0.0783 (0.1339)  loss_mask: 0.5187 (0.7009)  loss_objectness: 0.0177 (0.0355)  loss_rpn_box_reg: 0.0034 (0.0060)  time: 124.9838  data: 0.0370
Epoch: [2]  [4/5]  eta: 0:02:05  lr: 0.001000  loss: 1.0018 (0.9526)  loss_classifier: 0.0996 (0.1198)  loss_box_reg: 0.1468 (0.1364)  loss_mask: 0.5187 (0.6554)  loss_objectness: 0.0327 (0.0349)  loss_rpn_box_reg: 0.0060 (0.0060)  time: 125.0339  data: 0.0364
Epoch: [2] Total time: 0:10:25 (125.0507 s / it)
Epoch: [0]  [0/5]  eta: 0:11:24  lr: 0.001000  loss: 2.2419 (2.2419)  loss_classifier: 0.1698 (0.1698)  loss_box_reg: 0.1372 (0.1372)  loss_mask: 1.8740 (1.8740)  loss_objectness: 0.0494 (0.0494)  loss_rpn_box_reg: 0.0116 (0.0116)  time: 136.8302  data: 0.0080
Epoch: [0]  [1/5]  eta: 0:09:11  lr: 0.001000  loss: 2.2419 (2.9248)  loss_classifier: 0.0548 (0.1123)  loss_box_reg: 0.0477 (0.0925)  loss_mask: 1.8740 (2.6826)  loss_objectness: 0.0117 (0.0306)  loss_rpn_box_reg: 0.0022 (0.0069)  time: 137.8698  data: 0.0130
Epoch: [0]  [2/5]  eta: 0:06:41  lr: 0.001000  loss: 2.2419 (2.4186)  loss_classifier: 0.1698 (0.1541)  loss_box_reg: 0.1259 (0.1036)  loss_mask: 1.8740 (2.1229)  loss_objectness: 0.0339 (0.0317)  loss_rpn_box_reg: 0.0050 (0.0063)  time: 133.6929  data: 0.0197
Epoch: [0]  [3/5]  eta: 0:04:24  lr: 0.001000  loss: 2.0217 (2.3194)  loss_classifier: 0.1698 (0.1916)  loss_box_reg: 0.1259 (0.1388)  loss_mask: 1.2445 (1.9033)  loss_objectness: 0.0339 (0.0764)  loss_rpn_box_reg: 0.0050 (0.0093)  time: 132.0864  data: 0.0220
Epoch: [0]  [4/5]  eta: 0:02:10  lr: 0.001000  loss: 2.0217 (2.1946)  loss_classifier: 0.2378 (0.2034)  loss_box_reg: 0.1372 (0.1446)  loss_mask: 1.2445 (1.7640)  loss_objectness: 0.0494 (0.0739)  loss_rpn_box_reg: 0.0059 (0.0086)  time: 130.9789  data: 0.0242
Epoch: [0] Total time: 0:10:54 (130.9875 s / it)
Epoch: [1]  [0/5]  eta: 0:14:54  lr: 0.001000  loss: 0.3410 (0.3410)  loss_classifier: 0.0378 (0.0378)  loss_box_reg: 0.0328 (0.0328)  loss_mask: 0.2566 (0.2566)  loss_objectness: 0.0127 (0.0127)  loss_rpn_box_reg: 0.0010 (0.0010)  time: 178.9499  data: 0.0150
Epoch: [1]  [1/5]  eta: 0:11:55  lr: 0.001000  loss: 0.3410 (0.5383)  loss_classifier: 0.0378 (0.0548)  loss_box_reg: 0.0328 (0.0399)  loss_mask: 0.2566 (0.4315)  loss_objectness: 0.0071 (0.0099)  loss_rpn_box_reg: 0.0010 (0.0023)  time: 178.7982  data: 0.0260
Epoch: [1]  [2/5]  eta: 0:08:37  lr: 0.001000  loss: 0.7355 (0.6836)  loss_classifier: 0.0717 (0.0853)  loss_box_reg: 0.0469 (0.0734)  loss_mask: 0.6064 (0.5073)  loss_objectness: 0.0127 (0.0149)  loss_rpn_box_reg: 0.0035 (0.0027)  time: 172.5431  data: 0.0340
Epoch: [1]  [3/5]  eta: 0:05:22  lr: 0.001000  loss: 0.7355 (0.8153)  loss_classifier: 0.0717 (0.1116)  loss_box_reg: 0.0469 (0.1061)  loss_mask: 0.6064 (0.5522)  loss_objectness: 0.0127 (0.0405)  loss_rpn_box_reg: 0.0035 (0.0049)  time: 161.1112  data: 0.0318
Epoch: [1]  [4/5]  eta: 0:02:33  lr: 0.001000  loss: 0.7355 (0.7789)  loss_classifier: 0.0895 (0.1072)  loss_box_reg: 0.0967 (0.1042)  loss_mask: 0.6064 (0.5279)  loss_objectness: 0.0127 (0.0348)  loss_rpn_box_reg: 0.0036 (0.0049)  time: 153.5410  data: 0.0332
Epoch: [1] Total time: 0:12:47 (153.5540 s / it)
Epoch: [2]  [0/5]  eta: 0:10:23  lr: 0.001000  loss: 1.0287 (1.0287)  loss_classifier: 0.1846 (0.1846)  loss_box_reg: 0.1871 (0.1871)  loss_mask: 0.6021 (0.6021)  loss_objectness: 0.0452 (0.0452)  loss_rpn_box_reg: 0.0097 (0.0097)  time: 124.6991  data: 0.0350
Epoch: [2]  [1/5]  eta: 0:08:13  lr: 0.001000  loss: 0.6779 (0.8533)  loss_classifier: 0.0691 (0.1269)  loss_box_reg: 0.0783 (0.1327)  loss_mask: 0.5118 (0.5569)  loss_objectness: 0.0177 (0.0314)  loss_rpn_box_reg: 0.0010 (0.0053)  time: 123.4719  data: 0.0345
Epoch: [2]  [2/5]  eta: 0:06:20  lr: 0.001000  loss: 1.0018 (0.9028)  loss_classifier: 0.1846 (0.1489)  loss_box_reg: 0.1871 (0.1584)  loss_mask: 0.5187 (0.5442)  loss_objectness: 0.0452 (0.0444)  loss_rpn_box_reg: 0.0097 (0.0069)  time: 126.8488  data: 0.0370
Epoch: [2]  [3/5]  eta: 0:04:09  lr: 0.001000  loss: 1.0018 (1.0011)  loss_classifier: 0.0691 (0.1248)  loss_box_reg: 0.0783 (0.1339)  loss_mask: 0.5187 (0.7009)  loss_objectness: 0.0177 (0.0355)  loss_rpn_box_reg: 0.0034 (0.0060)  time: 124.9838  data: 0.0370
Epoch: [2]  [4/5]  eta: 0:02:05  lr: 0.001000  loss: 1.0018 (0.9526)  loss_classifier: 0.0996 (0.1198)  loss_box_reg: 0.1468 (0.1364)  loss_mask: 0.5187 (0.6554)  loss_objectness: 0.0327 (0.0349)  loss_rpn_box_reg: 0.0060 (0.0060)  time: 125.0339  data: 0.0364
Epoch: [2] Total time: 0:10:25 (125.0507 s / it)
Epoch: [1]  [0/5]  eta: 0:14:54  lr: 0.001000  loss: 0.3410 (0.3410)  loss_classifier: 0.0378 (0.0378)  loss_box_reg: 0.0328 (0.0328)  loss_mask: 0.2566 (0.2566)  loss_objectness: 0.0127 (0.0127)  loss_rpn_box_reg: 0.0010 (0.0010)  time: 178.9499  data: 0.0150
Epoch: [1]  [1/5]  eta: 0:11:55  lr: 0.001000  loss: 0.3410 (0.5383)  loss_classifier: 0.0378 (0.0548)  loss_box_reg: 0.0328 (0.0399)  loss_mask: 0.2566 (0.4315)  loss_objectness: 0.0071 (0.0099)  loss_rpn_box_reg: 0.0010 (0.0023)  time: 178.7982  data: 0.0260
Epoch: [1]  [2/5]  eta: 0:08:37  lr: 0.001000  loss: 0.7355 (0.6836)  loss_classifier: 0.0717 (0.0853)  loss_box_reg: 0.0469 (0.0734)  loss_mask: 0.6064 (0.5073)  loss_objectness: 0.0127 (0.0149)  loss_rpn_box_reg: 0.0035 (0.0027)  time: 172.5431  data: 0.0340
Epoch: [1]  [3/5]  eta: 0:05:22  lr: 0.001000  loss: 0.7355 (0.8153)  loss_classifier: 0.0717 (0.1116)  loss_box_reg: 0.0469 (0.1061)  loss_mask: 0.6064 (0.5522)  loss_objectness: 0.0127 (0.0405)  loss_rpn_box_reg: 0.0035 (0.0049)  time: 161.1112  data: 0.0318
Epoch: [1]  [4/5]  eta: 0:02:33  lr: 0.001000  loss: 0.7355 (0.7789)  loss_classifier: 0.0895 (0.1072)  loss_box_reg: 0.0967 (0.1042)  loss_mask: 0.6064 (0.5279)  loss_objectness: 0.0127 (0.0348)  loss_rpn_box_reg: 0.0036 (0.0049)  time: 153.5410  data: 0.0332
Epoch: [1] Total time: 0:12:47 (153.5540 s / it)
Epoch: [2]  [0/5]  eta: 0:10:23  lr: 0.001000  loss: 1.0287 (1.0287)  loss_classifier: 0.1846 (0.1846)  loss_box_reg: 0.1871 (0.1871)  loss_mask: 0.6021 (0.6021)  loss_objectness: 0.0452 (0.0452)  loss_rpn_box_reg: 0.0097 (0.0097)  time: 124.6991  data: 0.0350
Epoch: [2]  [1/5]  eta: 0:08:13  lr: 0.001000  loss: 0.6779 (0.8533)  loss_classifier: 0.0691 (0.1269)  loss_box_reg: 0.0783 (0.1327)  loss_mask: 0.5118 (0.5569)  loss_objectness: 0.0177 (0.0314)  loss_rpn_box_reg: 0.0010 (0.0053)  time: 123.4719  data: 0.0345
Epoch: [2]  [2/5]  eta: 0:06:20  lr: 0.001000  loss: 1.0018 (0.9028)  loss_classifier: 0.1846 (0.1489)  loss_box_reg: 0.1871 (0.1584)  loss_mask: 0.5187 (0.5442)  loss_objectness: 0.0452 (0.0444)  loss_rpn_box_reg: 0.0097 (0.0069)  time: 126.8488  data: 0.0370
Epoch: [2]  [3/5]  eta: 0:04:09  lr: 0.001000  loss: 1.0018 (1.0011)  loss_classifier: 0.0691 (0.1248)  loss_box_reg: 0.0783 (0.1339)  loss_mask: 0.5187 (0.7009)  loss_objectness: 0.0177 (0.0355)  loss_rpn_box_reg: 0.0034 (0.0060)  time: 124.9838  data: 0.0370
Epoch: [2]  [4/5]  eta: 0:02:05  lr: 0.001000  loss: 1.0018 (0.9526)  loss_classifier: 0.0996 (0.1198)  loss_box_reg: 0.1468 (0.1364)  loss_mask: 0.5187 (0.6554)  loss_objectness: 0.0327 (0.0349)  loss_rpn_box_reg: 0.0060 (0.0060)  time: 125.0339  data: 0.0364
Epoch: [2] Total time: 0:10:25 (125.0507 s / it)
Epoch: [1]  [0/5]  eta: 0:14:54  lr: 0.001000  loss: 0.3410 (0.3410)  loss_classifier: 0.0378 (0.0378)  loss_box_reg: 0.0328 (0.0328)  loss_mask: 0.2566 (0.2566)  loss_objectness: 0.0127 (0.0127)  loss_rpn_box_reg: 0.0010 (0.0010)  time: 178.9499  data: 0.0150
Epoch: [1]  [1/5]  eta: 0:11:55  lr: 0.001000  loss: 0.3410 (0.5383)  loss_classifier: 0.0378 (0.0548)  loss_box_reg: 0.0328 (0.0399)  loss_mask: 0.2566 (0.4315)  loss_objectness: 0.0071 (0.0099)  loss_rpn_box_reg: 0.0010 (0.0023)  time: 178.7982  data: 0.0260
Epoch: [1]  [2/5]  eta: 0:08:37  lr: 0.001000  loss: 0.7355 (0.6836)  loss_classifier: 0.0717 (0.0853)  loss_box_reg: 0.0469 (0.0734)  loss_mask: 0.6064 (0.5073)  loss_objectness: 0.0127 (0.0149)  loss_rpn_box_reg: 0.0035 (0.0027)  time: 172.5431  data: 0.0340
Epoch: [1]  [3/5]  eta: 0:05:22  lr: 0.001000  loss: 0.7355 (0.8153)  loss_classifier: 0.0717 (0.1116)  loss_box_reg: 0.0469 (0.1061)  loss_mask: 0.6064 (0.5522)  loss_objectness: 0.0127 (0.0405)  loss_rpn_box_reg: 0.0035 (0.0049)  time: 161.1112  data: 0.0318
Epoch: [1]  [4/5]  eta: 0:02:33  lr: 0.001000  loss: 0.7355 (0.7789)  loss_classifier: 0.0895 (0.1072)  loss_box_reg: 0.0967 (0.1042)  loss_mask: 0.6064 (0.5279)  loss_objectness: 0.0127 (0.0348)  loss_rpn_box_reg: 0.0036 (0.0049)  time: 153.5410  data: 0.0332
Epoch: [1] Total time: 0:12:47 (153.5540 s / it)
Epoch: [2]  [0/5]  eta: 0:10:23  lr: 0.001000  loss: 1.0287 (1.0287)  loss_classifier: 0.1846 (0.1846)  loss_box_reg: 0.1871 (0.1871)  loss_mask: 0.6021 (0.6021)  loss_objectness: 0.0452 (0.0452)  loss_rpn_box_reg: 0.0097 (0.0097)  time: 124.6991  data: 0.0350
Epoch: [2]  [1/5]  eta: 0:08:13  lr: 0.001000  loss: 0.6779 (0.8533)  loss_classifier: 0.0691 (0.1269)  loss_box_reg: 0.0783 (0.1327)  loss_mask: 0.5118 (0.5569)  loss_objectness: 0.0177 (0.0314)  loss_rpn_box_reg: 0.0010 (0.0053)  time: 123.4719  data: 0.0345
Epoch: [2]  [2/5]  eta: 0:06:20  lr: 0.001000  loss: 1.0018 (0.9028)  loss_classifier: 0.1846 (0.1489)  loss_box_reg: 0.1871 (0.1584)  loss_mask: 0.5187 (0.5442)  loss_objectness: 0.0452 (0.0444)  loss_rpn_box_reg: 0.0097 (0.0069)  time: 126.8488  data: 0.0370
Epoch: [2]  [3/5]  eta: 0:04:09  lr: 0.001000  loss: 1.0018 (1.0011)  loss_classifier: 0.0691 (0.1248)  loss_box_reg: 0.0783 (0.1339)  loss_mask: 0.5187 (0.7009)  loss_objectness: 0.0177 (0.0355)  loss_rpn_box_reg: 0.0034 (0.0060)  time: 124.9838  data: 0.0370
Epoch: [2]  [4/5]  eta: 0:02:05  lr: 0.001000  loss: 1.0018 (0.9526)  loss_classifier: 0.0996 (0.1198)  loss_box_reg: 0.1468 (0.1364)  loss_mask: 0.5187 (0.6554)  loss_objectness: 0.0327 (0.0349)  loss_rpn_box_reg: 0.0060 (0.0060)  time: 125.0339  data: 0.0364
Epoch: [2] Total time: 0:10:25 (125.0507 s / it)
Epoch: [2]  [0/5]  eta: 0:10:23  lr: 0.001000  loss: 1.0287 (1.0287)  loss_classifier: 0.1846 (0.1846)  loss_box_reg: 0.1871 (0.1871)  loss_mask: 0.6021 (0.6021)  loss_objectness: 0.0452 (0.0452)  loss_rpn_box_reg: 0.0097 (0.0097)  time: 124.6991  data: 0.0350
Epoch: [2]  [1/5]  eta: 0:08:13  lr: 0.001000  loss: 0.6779 (0.8533)  loss_classifier: 0.0691 (0.1269)  loss_box_reg: 0.0783 (0.1327)  loss_mask: 0.5118 (0.5569)  loss_objectness: 0.0177 (0.0314)  loss_rpn_box_reg: 0.0010 (0.0053)  time: 123.4719  data: 0.0345
Epoch: [2]  [2/5]  eta: 0:06:20  lr: 0.001000  loss: 1.0018 (0.9028)  loss_classifier: 0.1846 (0.1489)  loss_box_reg: 0.1871 (0.1584)  loss_mask: 0.5187 (0.5442)  loss_objectness: 0.0452 (0.0444)  loss_rpn_box_reg: 0.0097 (0.0069)  time: 126.8488  data: 0.0370
Epoch: [2]  [3/5]  eta: 0:04:09  lr: 0.001000  loss: 1.0018 (1.0011)  loss_classifier: 0.0691 (0.1248)  loss_box_reg: 0.0783 (0.1339)  loss_mask: 0.5187 (0.7009)  loss_objectness: 0.0177 (0.0355)  loss_rpn_box_reg: 0.0034 (0.0060)  time: 124.9838  data: 0.0370
Epoch: [2]  [4/5]  eta: 0:02:05  lr: 0.001000  loss: 1.0018 (0.9526)  loss_classifier: 0.0996 (0.1198)  loss_box_reg: 0.1468 (0.1364)  loss_mask: 0.5187 (0.6554)  loss_objectness: 0.0327 (0.0349)  loss_rpn_box_reg: 0.0060 (0.0060)  time: 125.0339  data: 0.0364
Epoch: [2] Total time: 0:10:25 (125.0507 s / it)
Epoch: [2]  [0/5]  eta: 0:10:23  lr: 0.001000  loss: 1.0287 (1.0287)  loss_classifier: 0.1846 (0.1846)  loss_box_reg: 0.1871 (0.1871)  loss_mask: 0.6021 (0.6021)  loss_objectness: 0.0452 (0.0452)  loss_rpn_box_reg: 0.0097 (0.0097)  time: 124.6991  data: 0.0350
Epoch: [2]  [1/5]  eta: 0:08:13  lr: 0.001000  loss: 0.6779 (0.8533)  loss_classifier: 0.0691 (0.1269)  loss_box_reg: 0.0783 (0.1327)  loss_mask: 0.5118 (0.5569)  loss_objectness: 0.0177 (0.0314)  loss_rpn_box_reg: 0.0010 (0.0053)  time: 123.4719  data: 0.0345
Epoch: [2]  [2/5]  eta: 0:06:20  lr: 0.001000  loss: 1.0018 (0.9028)  loss_classifier: 0.1846 (0.1489)  loss_box_reg: 0.1871 (0.1584)  loss_mask: 0.5187 (0.5442)  loss_objectness: 0.0452 (0.0444)  loss_rpn_box_reg: 0.0097 (0.0069)  time: 126.8488  data: 0.0370
Epoch: [2]  [3/5]  eta: 0:04:09  lr: 0.001000  loss: 1.0018 (1.0011)  loss_classifier: 0.0691 (0.1248)  loss_box_reg: 0.0783 (0.1339)  loss_mask: 0.5187 (0.7009)  loss_objectness: 0.0177 (0.0355)  loss_rpn_box_reg: 0.0034 (0.0060)  time: 124.9838  data: 0.0370
Epoch: [2]  [4/5]  eta: 0:02:05  lr: 0.001000  loss: 1.0018 (0.9526)  loss_classifier: 0.0996 (0.1198)  loss_box_reg: 0.1468 (0.1364)  loss_mask: 0.5187 (0.6554)  loss_objectness: 0.0327 (0.0349)  loss_rpn_box_reg: 0.0060 (0.0060)  time: 125.0339  data: 0.0364
Epoch: [2] Total time: 0:10:25 (125.0507 s / it)
